[2026-06-01 12:58:09] === JobsInRomania Daily Build ===
[2026-06-01 12:58:09] Step 1: Extracting ANOFM Romania jobs...
/opt/ACTIVE/JOBSINROMANIA/generate_romania_jobs.py:113: DeprecationWarning: datetime.datetime.utcnow() is deprecated and scheduled for removal in a future version. Use timezone-aware objects to represent datetimes in UTC: datetime.datetime.now(datetime.UTC).
  "generated": datetime.utcnow().isoformat(),
Saved 1533 jobs to /opt/ACTIVE/JOBSINROMANIA/data/jobs.json
[2026-06-01 12:58:09] ✓ Jobs extracted
[2026-06-01 12:58:09] Step 2: Building HTML pages...
Generated HTML pages for 1533 jobs in /opt/ACTIVE/JOBSINROMANIA/docs/
[2026-06-01 12:58:09] ✓ Pages built
[2026-06-01 12:58:09] Step 3: Deploying to GitHub...
/opt/ACTIVE/JOBSINROMANIA/deploy_github.py:51: DeprecationWarning: datetime.datetime.utcnow() is deprecated and scheduled for removal in a future version. Use timezone-aware objects to represent datetimes in UTC: datetime.datetime.now(datetime.UTC).
  timestamp = datetime.utcnow().strftime("%Y-%m-%d %H:%M:%S UTC")
Command failed: git push origin main
remote: Permission to callingcard1973/jobsinromania.git denied to callingcard1973.
fatal: unable to access 'https://github.com/callingcard1973/jobsinromania.git/': The requested URL returned error: 403

[2026-06-01 12:58:10] ✗ Failed to deploy
[2026-06-01 12:58:46] === JobsInRomania Daily Build ===
[2026-06-01 12:58:46] Step 1: Extracting ANOFM Romania jobs...
/opt/ACTIVE/JOBSINROMANIA/generate_romania_jobs.py:113: DeprecationWarning: datetime.datetime.utcnow() is deprecated and scheduled for removal in a future version. Use timezone-aware objects to represent datetimes in UTC: datetime.datetime.now(datetime.UTC).
  "generated": datetime.utcnow().isoformat(),
Saved 1533 jobs to /opt/ACTIVE/JOBSINROMANIA/data/jobs.json
[2026-06-01 12:58:46] ✓ Jobs extracted
[2026-06-01 12:58:46] Step 2: Building HTML pages...
Generated HTML pages for 1533 jobs in /opt/ACTIVE/JOBSINROMANIA/docs/
[2026-06-01 12:58:46] ✓ Pages built
[2026-06-01 12:58:46] Step 3: Deploying to GitHub...
/opt/ACTIVE/JOBSINROMANIA/deploy_github.py:51: DeprecationWarning: datetime.datetime.utcnow() is deprecated and scheduled for removal in a future version. Use timezone-aware objects to represent datetimes in UTC: datetime.datetime.now(datetime.UTC).
  timestamp = datetime.utcnow().strftime("%Y-%m-%d %H:%M:%S UTC")
Deployed to GitHub (2026-06-01 09:58:46 UTC)
[2026-06-01 12:58:50] ✓ Deployed to GitHub
[2026-06-01 12:58:50] === Build complete ===
[2026-06-01 13:00:58] === JobsInRomania Daily Build ===
[2026-06-01 13:00:58] Step 1: Extracting ANOFM Romania jobs...
Saved 1533 jobs to /opt/ACTIVE/JOBSINROMANIA/data/jobs.json
[2026-06-01 13:00:58] ✓ Jobs extracted
[2026-06-01 13:00:58] Step 2: Building HTML pages...
Generated HTML pages for 1533 jobs in /opt/ACTIVE/JOBSINROMANIA/docs/
[2026-06-01 13:00:59] ✓ Pages built
[2026-06-01 13:00:59] Step 3: Deploying to GitHub...
Command failed: git add docs/ data/jobs.json
The following paths are ignored by one of your .gitignore files:
data/jobs.json
docs
hint: Use -f if you really want to add them.
hint: Disable this message with "git config advice.addIgnoredFile false"

[2026-06-01 13:00:59] ✗ Failed to deploy
[2026-06-01 13:03:33] === JobsInRomania Daily Build ===
[2026-06-01 13:03:33] Step 1: Extracting ANOFM Romania jobs...
Saved 1533 jobs to /opt/ACTIVE/JOBSINROMANIA/data/jobs.json
[2026-06-01 13:03:33] ✓ Jobs extracted
[2026-06-01 13:03:33] Step 2: Building HTML pages...
Generated index.html for 1533 jobs
[2026-06-01 13:03:33] ✓ Pages built
[2026-06-01 13:03:33] Step 3: Deploying to GitHub...
Command failed: git add docs/ data/jobs.json
The following paths are ignored by one of your .gitignore files:
data/jobs.json
hint: Use -f if you really want to add them.
hint: Disable this message with "git config advice.addIgnoredFile false"

[2026-06-01 13:03:34] ✗ Failed to deploy
[2026-06-01 13:04:08] === JobsInRomania Daily Build ===
[2026-06-01 13:04:08] Step 1: Extracting ANOFM Romania jobs...
Saved 1533 jobs to /opt/ACTIVE/JOBSINROMANIA/data/jobs.json
[2026-06-01 13:04:09] ✓ Jobs extracted
[2026-06-01 13:04:09] Step 2: Building HTML pages...
Generated index.html for 1533 jobs
[2026-06-01 13:04:09] ✓ Pages built
[2026-06-01 13:04:09] Step 3: Deploying to GitHub...
Deployed to GitHub (2026-06-01 10:04:09 UTC)
[2026-06-01 13:04:12] ✓ Deployed to GitHub
[2026-06-01 13:04:12] === Build complete ===
